CRITICAL - 2020-04-27 05:05:57 --> Constant expression contains invalid operations
#0 [internal function]: CodeIgniter\Debug\Exceptions->shutdownHandler()
#1 {main}
CRITICAL - 2020-04-27 05:06:04 --> Constant expression contains invalid operations
#0 [internal function]: CodeIgniter\Debug\Exceptions->shutdownHandler()
#1 {main}
CRITICAL - 2020-04-27 05:13:49 --> Cannot call constructor
#0 C:\xampp\htdocs\CS\Frontend\system\CodeIgniter.php(882): App\Controllers\Login->__construct()
#1 C:\xampp\htdocs\CS\Frontend\system\CodeIgniter.php(393): CodeIgniter\CodeIgniter->createController()
#2 C:\xampp\htdocs\CS\Frontend\system\CodeIgniter.php(306): CodeIgniter\CodeIgniter->handleRequest(NULL, Object(Config\Cache), false)
#3 C:\xampp\htdocs\CS\Frontend\public\index.php(45): CodeIgniter\CodeIgniter->run()
#4 {main}
CRITICAL - 2020-04-27 05:14:51 --> Cannot call constructor
#0 C:\xampp\htdocs\CS\Frontend\system\CodeIgniter.php(882): App\Controllers\Login->__construct()
#1 C:\xampp\htdocs\CS\Frontend\system\CodeIgniter.php(393): CodeIgniter\CodeIgniter->createController()
#2 C:\xampp\htdocs\CS\Frontend\system\CodeIgniter.php(306): CodeIgniter\CodeIgniter->handleRequest(NULL, Object(Config\Cache), false)
#3 C:\xampp\htdocs\CS\Frontend\public\index.php(45): CodeIgniter\CodeIgniter->run()
#4 {main}
CRITICAL - 2020-04-27 05:14:52 --> Cannot call constructor
#0 C:\xampp\htdocs\CS\Frontend\system\CodeIgniter.php(882): App\Controllers\Login->__construct()
#1 C:\xampp\htdocs\CS\Frontend\system\CodeIgniter.php(393): CodeIgniter\CodeIgniter->createController()
#2 C:\xampp\htdocs\CS\Frontend\system\CodeIgniter.php(306): CodeIgniter\CodeIgniter->handleRequest(NULL, Object(Config\Cache), false)
#3 C:\xampp\htdocs\CS\Frontend\public\index.php(45): CodeIgniter\CodeIgniter->run()
#4 {main}
CRITICAL - 2020-04-27 05:14:52 --> Cannot call constructor
#0 C:\xampp\htdocs\CS\Frontend\system\CodeIgniter.php(882): App\Controllers\Login->__construct()
#1 C:\xampp\htdocs\CS\Frontend\system\CodeIgniter.php(393): CodeIgniter\CodeIgniter->createController()
#2 C:\xampp\htdocs\CS\Frontend\system\CodeIgniter.php(306): CodeIgniter\CodeIgniter->handleRequest(NULL, Object(Config\Cache), false)
#3 C:\xampp\htdocs\CS\Frontend\public\index.php(45): CodeIgniter\CodeIgniter->run()
#4 {main}
CRITICAL - 2020-04-27 05:14:53 --> Cannot call constructor
#0 C:\xampp\htdocs\CS\Frontend\system\CodeIgniter.php(882): App\Controllers\Login->__construct()
#1 C:\xampp\htdocs\CS\Frontend\system\CodeIgniter.php(393): CodeIgniter\CodeIgniter->createController()
#2 C:\xampp\htdocs\CS\Frontend\system\CodeIgniter.php(306): CodeIgniter\CodeIgniter->handleRequest(NULL, Object(Config\Cache), false)
#3 C:\xampp\htdocs\CS\Frontend\public\index.php(45): CodeIgniter\CodeIgniter->run()
#4 {main}
CRITICAL - 2020-04-27 05:14:53 --> Cannot call constructor
#0 C:\xampp\htdocs\CS\Frontend\system\CodeIgniter.php(882): App\Controllers\Login->__construct()
#1 C:\xampp\htdocs\CS\Frontend\system\CodeIgniter.php(393): CodeIgniter\CodeIgniter->createController()
#2 C:\xampp\htdocs\CS\Frontend\system\CodeIgniter.php(306): CodeIgniter\CodeIgniter->handleRequest(NULL, Object(Config\Cache), false)
#3 C:\xampp\htdocs\CS\Frontend\public\index.php(45): CodeIgniter\CodeIgniter->run()
#4 {main}
CRITICAL - 2020-04-27 05:16:17 --> Cannot call constructor
#0 C:\xampp\htdocs\CS\Frontend\system\CodeIgniter.php(882): App\Controllers\Login->__construct()
#1 C:\xampp\htdocs\CS\Frontend\system\CodeIgniter.php(393): CodeIgniter\CodeIgniter->createController()
#2 C:\xampp\htdocs\CS\Frontend\system\CodeIgniter.php(306): CodeIgniter\CodeIgniter->handleRequest(NULL, Object(Config\Cache), false)
#3 C:\xampp\htdocs\CS\Frontend\public\index.php(45): CodeIgniter\CodeIgniter->run()
#4 {main}
CRITICAL - 2020-04-27 05:18:19 --> Cannot call constructor
#0 C:\xampp\htdocs\CS\Frontend\system\CodeIgniter.php(882): App\Controllers\Login->__construct()
#1 C:\xampp\htdocs\CS\Frontend\system\CodeIgniter.php(393): CodeIgniter\CodeIgniter->createController()
#2 C:\xampp\htdocs\CS\Frontend\system\CodeIgniter.php(306): CodeIgniter\CodeIgniter->handleRequest(NULL, Object(Config\Cache), false)
#3 C:\xampp\htdocs\CS\Frontend\public\index.php(45): CodeIgniter\CodeIgniter->run()
#4 {main}
CRITICAL - 2020-04-27 05:18:27 --> Cannot call constructor
#0 C:\xampp\htdocs\CS\Frontend\system\CodeIgniter.php(882): App\Controllers\Login->__construct()
#1 C:\xampp\htdocs\CS\Frontend\system\CodeIgniter.php(393): CodeIgniter\CodeIgniter->createController()
#2 C:\xampp\htdocs\CS\Frontend\system\CodeIgniter.php(306): CodeIgniter\CodeIgniter->handleRequest(NULL, Object(Config\Cache), false)
#3 C:\xampp\htdocs\CS\Frontend\public\index.php(45): CodeIgniter\CodeIgniter->run()
#4 {main}
CRITICAL - 2020-04-27 12:45:54 --> Cannot call constructor
#0 C:\xampp\htdocs\CS\Frontend\system\CodeIgniter.php(882): App\Controllers\Login->__construct()
#1 C:\xampp\htdocs\CS\Frontend\system\CodeIgniter.php(393): CodeIgniter\CodeIgniter->createController()
#2 C:\xampp\htdocs\CS\Frontend\system\CodeIgniter.php(306): CodeIgniter\CodeIgniter->handleRequest(NULL, Object(Config\Cache), false)
#3 C:\xampp\htdocs\CS\Frontend\public\index.php(45): CodeIgniter\CodeIgniter->run()
#4 {main}
CRITICAL - 2020-04-27 12:47:49 --> syntax error, unexpected '}', expecting ';' or ','
#0 C:\xampp\htdocs\CS\Frontend\system\Autoloader\Autoloader.php(296): CodeIgniter\Autoloader\Autoloader->requireFile('C:\\xampp\\htdocs...')
#1 C:\xampp\htdocs\CS\Frontend\system\Autoloader\Autoloader.php(258): CodeIgniter\Autoloader\Autoloader->loadInNamespace('App\\Controllers...')
#2 [internal function]: CodeIgniter\Autoloader\Autoloader->loadClass('App\\Controllers...')
#3 [internal function]: spl_autoload_call('App\\Controllers...')
#4 C:\xampp\htdocs\CS\Frontend\system\CodeIgniter.php(861): class_exists('\\App\\Controller...', true)
#5 C:\xampp\htdocs\CS\Frontend\system\CodeIgniter.php(388): CodeIgniter\CodeIgniter->startController()
#6 C:\xampp\htdocs\CS\Frontend\system\CodeIgniter.php(306): CodeIgniter\CodeIgniter->handleRequest(NULL, Object(Config\Cache), false)
#7 C:\xampp\htdocs\CS\Frontend\public\index.php(45): CodeIgniter\CodeIgniter->run()
#8 {main}
CRITICAL - 2020-04-27 13:02:52 --> hash() expects at least 2 parameters, 1 given
#0 [internal function]: CodeIgniter\Debug\Exceptions->errorHandler(2, 'hash() expects ...', 'C:\\xampp\\htdocs...', 21, Array)
#1 C:\xampp\htdocs\CS\Frontend\app\Controllers\Login.php(21): hash('gorka32x')
#2 C:\xampp\htdocs\CS\Frontend\system\CodeIgniter.php(910): App\Controllers\Login->index()
#3 C:\xampp\htdocs\CS\Frontend\system\CodeIgniter.php(398): CodeIgniter\CodeIgniter->runController(Object(App\Controllers\Login))
#4 C:\xampp\htdocs\CS\Frontend\system\CodeIgniter.php(306): CodeIgniter\CodeIgniter->handleRequest(NULL, Object(Config\Cache), false)
#5 C:\xampp\htdocs\CS\Frontend\public\index.php(45): CodeIgniter\CodeIgniter->run()
#6 {main}
CRITICAL - 2020-04-27 13:02:53 --> hash() expects at least 2 parameters, 1 given
#0 [internal function]: CodeIgniter\Debug\Exceptions->errorHandler(2, 'hash() expects ...', 'C:\\xampp\\htdocs...', 21, Array)
#1 C:\xampp\htdocs\CS\Frontend\app\Controllers\Login.php(21): hash('gorka32x')
#2 C:\xampp\htdocs\CS\Frontend\system\CodeIgniter.php(910): App\Controllers\Login->index()
#3 C:\xampp\htdocs\CS\Frontend\system\CodeIgniter.php(398): CodeIgniter\CodeIgniter->runController(Object(App\Controllers\Login))
#4 C:\xampp\htdocs\CS\Frontend\system\CodeIgniter.php(306): CodeIgniter\CodeIgniter->handleRequest(NULL, Object(Config\Cache), false)
#5 C:\xampp\htdocs\CS\Frontend\public\index.php(45): CodeIgniter\CodeIgniter->run()
#6 {main}
